#
# A fatal error has been detected by the Java Runtime Environment:
#
#  EXCEPTION_ACCESS_VIOLATION (0xc0000005) at pc=0x00000000554ba070, pid=4784, tid=0x0000000000003628
#
# JRE version: OpenJDK Runtime Environment (8.0_112-b06) (build 1.8.0_112-release-b06)
# Java VM: OpenJDK 64-Bit Server VM (25.112-b06 mixed mode windows-amd64 compressed oops)
# Problematic frame:
# V  [jvm.dll+0x8a070]
#
# Failed to write core dump. Minidumps are not enabled by default on client versions of Windows
#
# If you would like to submit a bug report, please visit:
#   http://bugreport.java.com/bugreport/crash.jsp
#

---------------  T H R E A D  ---------------

Current thread (0x0000000002a6d000):  GCTaskThread [stack: 0x0000000012820000,0x0000000012920000] [id=13864]

siginfo: ExceptionCode=0xc0000005, reading address 0x0000000180001618

Registers:
RAX=0x0000000000000001, RBX=0x00000000e74c6c68, RCX=0x00000000e74c6c68, RDX=0x0000000180001610
RSP=0x000000001291f9a8, RBP=0x0000000011f13b81, RSI=0x0000000016903740, RDI=0x00000000a076d858
R8 =0x0000000016903740, R9 =0x0000000000000001, R10=0x000000000000000c, R11=0x000000000000000c
R12=0x0000000011f13b5f, R13=0x000000000000001d, R14=0x0000000000000000, R15=0x0000000002a61600
RIP=0x00000000554ba070, EFLAGS=0x0000000000010202

Top of Stack: (sp=0x000000001291f9a8)
0x000000001291f9a8:   00000000557fac22 00000000e74c6c58
0x000000001291f9b8:   0000000016903740 0000000016903740
0x000000001291f9c8:   00000000e777bdf0 00000000ea8701f8
0x000000001291f9d8:   00000000557fb36b 00000000a1ccd110
0x000000001291f9e8:   0000000000000400 0000000000000000
0x000000001291f9f8:   0000000016903700 0000000011f13b5f
0x000000001291fa08:   00000000557faf90 00000000a1ccd4c4
0x000000001291fa18:   0000000011f13b81 0000000016903740
0x000000001291fa28:   00000000a076d858 00000000a1ccd4c4
0x000000001291fa38:   00000000557fbb35 00000000e29a7b18
0x000000001291fa48:   0000000011f12b81 0000000016903740
0x000000001291fa58:   0000000000000004 0000000016903740
0x000000001291fa68:   00000000554f616a 00000000a076d684
0x000000001291fa78:   000000005551ed77 00000000a076d68d
0x000000001291fa88:   00000000a076d68d 00000000a076bb11
0x000000001291fa98:   00000000a076bb11 0000000016903740 

Instructions: (pc=0x00000000554ba070)
0x00000000554ba050:   1c 42 1d 00 48 8b 9c 24 c0 00 00 00 48 81 c4 b0
0x00000000554ba060:   00 00 00 5d c3 cc cc cc cc cc cc cc cc cc cc cc
0x00000000554ba070:   44 8b 42 08 4c 8b ca 45 85 c0 7e 0e 41 f6 c0 01
0x00000000554ba080:   75 57 41 c1 f8 03 41 8b c0 c3 79 4d 80 3d de d7 


Register to memory mapping:

RAX=0x0000000000000001 is an unknown value
RBX=0x00000000e74c6c68 is an oop

[error occurred during error reporting (printing register info), id 0xc0000005]

Stack: [0x0000000012820000,0x0000000012920000],  sp=0x000000001291f9a8,  free space=1022k
Native frames: (J=compiled Java code, j=interpreted, Vv=VM code, C=native code)
V  [jvm.dll+0x8a070]


---------------  P R O C E S S  ---------------

Java Threads: ( => current thread )
  0x000000001f1a6000 JavaThread "Stdin handler" [_thread_blocked, id=12736, stack(0x0000000021ed0000,0x0000000021fd0000)]
  0x000000001f1a1800 JavaThread "Asynchronous log dispatcher for DefaultDaemonConnection: socket connection from /127.0.0.1:52524 to /127.0.0.1:52546" [_thread_blocked, id=1056, stack(0x0000000021960000,0x0000000021a60000)]
  0x000000001f1a4000 JavaThread "Cancel handler" [_thread_blocked, id=14148, stack(0x0000000021630000,0x0000000021730000)]
  0x000000001f1a2800 JavaThread "Handler for socket connection from /127.0.0.1:52524 to /127.0.0.1:52546" [_thread_in_native, id=8680, stack(0x0000000020f10000,0x0000000021010000)]
  0x000000001a69c800 JavaThread "File lock request listener" [_thread_in_native, id=1920, stack(0x000000001d3a0000,0x000000001d4a0000)]
  0x000000001a8ad000 JavaThread "Daemon worker" [_thread_blocked, id=4380, stack(0x000000001cda0000,0x000000001cea0000)]
  0x000000001a47d000 JavaThread "pool-1-thread-1" [_thread_blocked, id=7744, stack(0x000000001cba0000,0x000000001cca0000)]
  0x000000001a516000 JavaThread "Daemon" [_thread_blocked, id=9156, stack(0x000000001c9a0000,0x000000001caa0000)]
  0x000000001a54c800 JavaThread "Incoming local TCP Connector on port 52524" [_thread_in_native, id=10768, stack(0x000000001c2c0000,0x000000001c3c0000)]
  0x00000000188ac800 JavaThread "Service Thread" daemon [_thread_blocked, id=10732, stack(0x00000000193e0000,0x00000000194e0000)]
  0x0000000018822000 JavaThread "C1 CompilerThread3" daemon [_thread_blocked, id=10736, stack(0x00000000192e0000,0x00000000193e0000)]
  0x000000001881c000 JavaThread "C2 CompilerThread2" daemon [_thread_blocked, id=10760, stack(0x00000000191e0000,0x00000000192e0000)]
  0x0000000018819000 JavaThread "C2 CompilerThread1" daemon [_thread_blocked, id=10972, stack(0x00000000190e0000,0x00000000191e0000)]
  0x0000000018815800 JavaThread "C2 CompilerThread0" daemon [_thread_blocked, id=11184, stack(0x0000000018fe0000,0x00000000190e0000)]
  0x0000000018814000 JavaThread "Attach Listener" daemon [_thread_blocked, id=11180, stack(0x0000000018ee0000,0x0000000018fe0000)]
  0x000000001691d800 JavaThread "Signal Dispatcher" daemon [_thread_blocked, id=772, stack(0x0000000018de0000,0x0000000018ee0000)]
  0x0000000018810800 JavaThread "Finalizer" daemon [_thread_blocked, id=700, stack(0x0000000018bf0000,0x0000000018cf0000)]
  0x0000000002b46000 JavaThread "Reference Handler" daemon [_thread_blocked, id=11208, stack(0x00000000186f0000,0x00000000187f0000)]
  0x0000000002a50800 JavaThread "main" [_thread_blocked, id=7704, stack(0x0000000002950000,0x0000000002a50000)]

Other Threads:
  0x0000000016907800 VMThread [stack: 0x00000000185f0000,0x00000000186f0000] [id=11220]
  0x00000000188ad800 WatcherThread [stack: 0x00000000194e0000,0x00000000195e0000] [id=10748]

=>0x0000000002a6d000 (exited) GCTaskThread [stack: 0x0000000012820000,0x0000000012920000] [id=13864]

VM state:at safepoint (normal execution)

VM Mutex/Monitor currently owned by a thread:  ([mutex/lock_event])
[0x000000000294ba80] Threads_lock - owner thread: 0x0000000016907800
[0x000000000294bd00] Heap_lock - owner thread: 0x000000001a8ad000

Heap:
 PSYoungGen      total 122368K, used 122351K [0x00000000e0000000, 0x00000000ea880000, 0x0000000100000000)
  eden space 107520K, 100% used [0x00000000e0000000,0x00000000e6900000,0x00000000e6900000)
  from space 14848K, 99% used [0x00000000e6900000,0x00000000e777bff0,0x00000000e7780000)
  to   space 18944K, 99% used [0x00000000e9600000,0x00000000ea8781f8,0x00000000ea880000)
 ParOldGen       total 128512K, used 29768K [0x00000000a0000000, 0x00000000a7d80000, 0x00000000e0000000)
  object space 128512K, 23% used [0x00000000a0000000,0x00000000a1d12120,0x00000000a7d80000)
 Metaspace       used 53451K, capacity 55698K, committed 55936K, reserved 1097728K
  class space    used 7309K, capacity 7756K, committed 7808K, reserved 1048576K

Card table byte_map: [0x0000000011f10000,0x0000000012220000] byte_map_base: 0x0000000011a10000

Marking Bits: (ParMarkBitMap*) 0x0000000055bf18f0
 Begin Bits: [0x0000000012c20000, 0x0000000014420000)
 End Bits:   [0x0000000014420000, 0x0000000015c20000)

Polling page: 0x0000000002890000

CodeCache: size=245760Kb used=21605Kb max_used=21639Kb free=224154Kb
 bounds [0x0000000002b50000, 0x00000000040d0000, 0x0000000011b50000]
 total_blobs=6720 nmethods=5975 adapters=658
 compilation: enabled

Compilation events (10 events):
Event: 12.628 Thread 0x0000000018822000 6754       3       com.sun.org.apache.xerces.internal.util.URI::absolutize (490 bytes)
Event: 12.630 Thread 0x0000000018822000 nmethod 6754 0x0000000003087990 code [0x0000000003087da0, 0x000000000308aa08]
Event: 12.630 Thread 0x0000000018822000 6755       3       org.gradle.api.internal.artifacts.ResolvedConfigurationIdentifier::<init> (15 bytes)
Event: 12.631 Thread 0x0000000018822000 nmethod 6755 0x00000000039a4090 code [0x00000000039a41e0, 0x00000000039a43b0]
Event: 12.631 Thread 0x0000000018822000 6756       3       com.sun.org.apache.xerces.internal.impl.XMLDocumentScannerImpl::getRecognizedFeatures (54 bytes)
Event: 12.632 Thread 0x0000000018822000 nmethod 6756 0x00000000038c2e50 code [0x00000000038c3000, 0x00000000038c35e8]
Event: 12.632 Thread 0x0000000018822000 6757       3       com.sun.org.apache.xerces.internal.impl.XMLDocumentScannerImpl::getRecognizedProperties (54 bytes)
Event: 12.632 Thread 0x0000000018822000 nmethod 6757 0x0000000003ab58d0 code [0x0000000003ab5a80, 0x0000000003ab6068]
Event: 12.632 Thread 0x0000000018822000 6758       3       com.sun.org.apache.xerces.internal.impl.validation.ValidationState::resetIDTables (11 bytes)
Event: 12.632 Thread 0x0000000018822000 nmethod 6758 0x00000000038c2a90 code [0x00000000038c2be0, 0x00000000038c2d50]

GC Heap History (10 events):
Event: 6.222 GC heap after
Heap after GC invocations=7 (full 1):
 PSYoungGen      total 93696K, used 11217K [0x00000000e0000000, 0x00000000e8900000, 0x0000000100000000)
  eden space 80896K, 0% used [0x00000000e0000000,0x00000000e0000000,0x00000000e4f00000)
  from space 12800K, 87% used [0x00000000e5c80000,0x00000000e6774440,0x00000000e6900000)
  to   space 13824K, 0% used [0x00000000e4f00000,0x00000000e4f00000,0x00000000e5c80000)
 ParOldGen       total 79872K, used 13007K [0x00000000a0000000, 0x00000000a4e00000, 0x00000000e0000000)
  object space 79872K, 16% used [0x00000000a0000000,0x00000000a0cb3e00,0x00000000a4e00000)
 Metaspace       used 34523K, capacity 35254K, committed 35456K, reserved 1079296K
  class space    used 4655K, capacity 4878K, committed 4992K, reserved 1048576K
}
Event: 6.222 GC heap before
{Heap before GC invocations=8 (full 2):
 PSYoungGen      total 93696K, used 11217K [0x00000000e0000000, 0x00000000e8900000, 0x0000000100000000)
  eden space 80896K, 0% used [0x00000000e0000000,0x00000000e0000000,0x00000000e4f00000)
  from space 12800K, 87% used [0x00000000e5c80000,0x00000000e6774440,0x00000000e6900000)
  to   space 13824K, 0% used [0x00000000e4f00000,0x00000000e4f00000,0x00000000e5c80000)
 ParOldGen       total 79872K, used 13007K [0x00000000a0000000, 0x00000000a4e00000, 0x00000000e0000000)
  object space 79872K, 16% used [0x00000000a0000000,0x00000000a0cb3e00,0x00000000a4e00000)
 Metaspace       used 34523K, capacity 35254K, committed 35456K, reserved 1079296K
  class space    used 4655K, capacity 4878K, committed 4992K, reserved 1048576K
Event: 6.299 GC heap after
Heap after GC invocations=8 (full 2):
 PSYoungGen      total 93696K, used 0K [0x00000000e0000000, 0x00000000e8900000, 0x0000000100000000)
  eden space 80896K, 0% used [0x00000000e0000000,0x00000000e0000000,0x00000000e4f00000)
  from space 12800K, 0% used [0x00000000e5c80000,0x00000000e5c80000,0x00000000e6900000)
  to   space 13824K, 0% used [0x00000000e4f00000,0x00000000e4f00000,0x00000000e5c80000)
 ParOldGen       total 128512K, used 17390K [0x00000000a0000000, 0x00000000a7d80000, 0x00000000e0000000)
  object space 128512K, 13% used [0x00000000a0000000,0x00000000a10fb840,0x00000000a7d80000)
 Metaspace       used 34523K, capacity 35254K, committed 35456K, reserved 1079296K
  class space    used 4655K, capacity 4878K, committed 4992K, reserved 1048576K
}
Event: 7.018 GC heap before
{Heap before GC invocations=9 (full 2):
 PSYoungGen      total 93696K, used 80896K [0x00000000e0000000, 0x00000000e8900000, 0x0000000100000000)
  eden space 80896K, 100% used [0x00000000e0000000,0x00000000e4f00000,0x00000000e4f00000)
  from space 12800K, 0% used [0x00000000e5c80000,0x00000000e5c80000,0x00000000e6900000)
  to   space 13824K, 0% used [0x00000000e4f00000,0x00000000e4f00000,0x00000000e5c80000)
 ParOldGen       total 128512K, used 17390K [0x00000000a0000000, 0x00000000a7d80000, 0x00000000e0000000)
  object space 128512K, 13% used [0x00000000a0000000,0x00000000a10fb840,0x00000000a7d80000)
 Metaspace       used 38056K, capacity 38862K, committed 39168K, reserved 1083392K
  class space    used 5119K, capacity 5361K, committed 5376K, reserved 1048576K
Event: 7.027 GC heap after
Heap after GC invocations=9 (full 2):
 PSYoungGen      total 94720K, used 8566K [0x00000000e0000000, 0x00000000e8480000, 0x0000000100000000)
  eden space 80896K, 0% used [0x00000000e0000000,0x00000000e0000000,0x00000000e4f00000)
  from space 13824K, 61% used [0x00000000e4f00000,0x00000000e575db80,0x00000000e5c80000)
  to   space 13312K, 0% used [0x00000000e7780000,0x00000000e7780000,0x00000000e8480000)
 ParOldGen       total 128512K, used 17398K [0x00000000a0000000, 0x00000000a7d80000, 0x00000000e0000000)
  object space 128512K, 13% used [0x00000000a0000000,0x00000000a10fd840,0x00000000a7d80000)
 Metaspace       used 38056K, capacity 38862K, committed 39168K, reserved 1083392K
  class space    used 5119K, capacity 5361K, committed 5376K, reserved 1048576K
}
Event: 8.340 GC heap before
{Heap before GC invocations=10 (full 2):
 PSYoungGen      total 94720K, used 89462K [0x00000000e0000000, 0x00000000e8480000, 0x0000000100000000)
  eden space 80896K, 100% used [0x00000000e0000000,0x00000000e4f00000,0x00000000e4f00000)
  from space 13824K, 61% used [0x00000000e4f00000,0x00000000e575db80,0x00000000e5c80000)
  to   space 13312K, 0% used [0x00000000e7780000,0x00000000e7780000,0x00000000e8480000)
 ParOldGen       total 128512K, used 17398K [0x00000000a0000000, 0x00000000a7d80000, 0x00000000e0000000)
  object space 128512K, 13% used [0x00000000a0000000,0x00000000a10fd840,0x00000000a7d80000)
 Metaspace       used 45058K, capacity 46266K, committed 46336K, reserved 1089536K
  class space    used 6075K, capacity 6339K, committed 6400K, reserved 1048576K
Event: 8.356 GC heap after
Heap after GC invocations=10 (full 2):
 PSYoungGen      total 120832K, used 12840K [0x00000000e0000000, 0x00000000e8880000, 0x0000000100000000)
  eden space 107520K, 0% used [0x00000000e0000000,0x00000000e0000000,0x00000000e6900000)
  from space 13312K, 96% used [0x00000000e7780000,0x00000000e840a1f0,0x00000000e8480000)
  to   space 14848K, 0% used [0x00000000e6900000,0x00000000e6900000,0x00000000e7780000)
 ParOldGen       total 128512K, used 17406K [0x00000000a0000000, 0x00000000a7d80000, 0x00000000e0000000)
  object space 128512K, 13% used [0x00000000a0000000,0x00000000a10ff840,0x00000000a7d80000)
 Metaspace       used 45058K, capacity 46266K, committed 46336K, reserved 1089536K
  class space    used 6075K, capacity 6339K, committed 6400K, reserved 1048576K
}
Event: 9.424 GC heap before
{Heap before GC invocations=11 (full 2):
 PSYoungGen      total 120832K, used 120360K [0x00000000e0000000, 0x00000000e8880000, 0x0000000100000000)
  eden space 107520K, 100% used [0x00000000e0000000,0x00000000e6900000,0x00000000e6900000)
  from space 13312K, 96% used [0x00000000e7780000,0x00000000e840a1f0,0x00000000e8480000)
  to   space 14848K, 0% used [0x00000000e6900000,0x00000000e6900000,0x00000000e7780000)
 ParOldGen       total 128512K, used 17406K [0x00000000a0000000, 0x00000000a7d80000, 0x00000000e0000000)
  object space 128512K, 13% used [0x00000000a0000000,0x00000000a10ff840,0x00000000a7d80000)
 Metaspace       used 49472K, capacity 50962K, committed 51200K, reserved 1093632K
  class space    used 6786K, capacity 7135K, committed 7168K, reserved 1048576K
Event: 9.449 GC heap after
Heap after GC invocations=11 (full 2):
 PSYoungGen      total 122368K, used 14831K [0x00000000e0000000, 0x00000000ea880000, 0x0000000100000000)
  eden space 107520K, 0% used [0x00000000e0000000,0x00000000e0000000,0x00000000e6900000)
  from space 14848K, 99% used [0x00000000e6900000,0x00000000e777bff0,0x00000000e7780000)
  to   space 18944K, 0% used [0x00000000e9600000,0x00000000e9600000,0x00000000ea880000)
 ParOldGen       total 128512K, used 22985K [0x00000000a0000000, 0x00000000a7d80000, 0x00000000e0000000)
  object space 128512K, 17% used [0x00000000a0000000,0x00000000a16725f0,0x00000000a7d80000)
 Metaspace       used 49472K, capacity 50962K, committed 51200K, reserved 1093632K
  class space    used 6786K, capacity 7135K, committed 7168K, reserved 1048576K
}
Event: 12.634 GC heap before
{Heap before GC invocations=12 (full 2):
 PSYoungGen      total 122368K, used 122351K [0x00000000e0000000, 0x00000000ea880000, 0x0000000100000000)
  eden space 107520K, 100% used [0x00000000e0000000,0x00000000e6900000,0x00000000e6900000)
  from space 14848K, 99% used [0x00000000e6900000,0x00000000e777bff0,0x00000000e7780000)
  to   space 18944K, 0% used [0x00000000e9600000,0x00000000e9600000,0x00000000ea880000)
 ParOldGen       total 128512K, used 22985K [0x00000000a0000000, 0x00000000a7d80000, 0x00000000e0000000)
  object space 128512K, 17% used [0x00000000a0000000,0x00000000a16725f0,0x00000000a7d80000)
 Metaspace       used 53451K, capacity 55698K, committed 55936K, reserved 1097728K
  class space    used 7309K, capacity 7756K, committed 7808K, reserved 1048576K

Deoptimization events (10 events):
Event: 9.831 Thread 0x000000001a8ad000 Uncommon trap: reason=unstable_if action=reinterpret pc=0x0000000003dce2b4 method=com.esotericsoftware.kryo.io.Input.readUtf8(I)V @ 79
Event: 9.853 Thread 0x000000001a8ad000 Uncommon trap: reason=unstable_if action=reinterpret pc=0x0000000003e128f8 method=java.beans.PropertyDescriptor.getPropertyType0()Ljava/lang/Class; @ 4
Event: 9.933 Thread 0x000000001a8ad000 Uncommon trap: reason=unstable_if action=reinterpret pc=0x0000000003360154 method=java.lang.AbstractStringBuilder.append(I)Ljava/lang/AbstractStringBuilder; @ 16
Event: 9.933 Thread 0x000000001a8ad000 Uncommon trap: reason=class_check action=maybe_recompile pc=0x00000000033337c0 method=java.lang.Throwable.<init>(Ljava/lang/String;Ljava/lang/Throwable;)V @ 24
Event: 9.943 Thread 0x000000001a8ad000 Uncommon trap: reason=class_check action=maybe_recompile pc=0x00000000033337c0 method=java.lang.Throwable.<init>(Ljava/lang/String;Ljava/lang/Throwable;)V @ 24
Event: 10.035 Thread 0x000000001a8ad000 Uncommon trap: reason=unstable_if action=reinterpret pc=0x00000000037c2a34 method=java.lang.reflect.Proxy.isProxyClass(Ljava/lang/Class;)Z @ 6
Event: 10.264 Thread 0x000000001a516000 Uncommon trap: reason=class_check action=maybe_recompile pc=0x0000000004063dbc method=java.io.ObjectOutputStream$BlockDataOutputStream.writeBlockHeader(I)V @ 33
Event: 10.264 Thread 0x000000001a516000 Uncommon trap: reason=class_check action=maybe_recompile pc=0x0000000004063dbc method=java.io.ObjectOutputStream$BlockDataOutputStream.writeBlockHeader(I)V @ 33
Event: 10.264 Thread 0x000000001a516000 Uncommon trap: reason=class_check action=maybe_recompile pc=0x0000000004063dbc method=java.io.ObjectOutputStream$BlockDataOutputStream.writeBlockHeader(I)V @ 33
Event: 10.264 Thread 0x000000001a516000 Uncommon trap: reason=class_check action=maybe_recompile pc=0x0000000004063dbc method=java.io.ObjectOutputStream$BlockDataOutputStream.writeBlockHeader(I)V @ 33

Internal exceptions (10 events):
Event: 10.265 Thread 0x000000001a516000 Exception <a 'java/lang/NoSuchMethodError': <clinit>> (0x00000000e56f47d8) thrown at [C:\src\android\AOSP-openjdk\external\jetbrains\jdk\hotspot\src\share\vm\prims\jni.cpp, line 1613]
Event: 10.267 Thread 0x000000001a516000 Exception <a 'java/lang/NoSuchMethodError': <clinit>> (0x00000000e5708aa0) thrown at [C:\src\android\AOSP-openjdk\external\jetbrains\jdk\hotspot\src\share\vm\prims\jni.cpp, line 1613]
Event: 10.269 Thread 0x000000001a516000 Exception <a 'java/lang/NoSuchMethodError': <clinit>> (0x00000000e571dbb8) thrown at [C:\src\android\AOSP-openjdk\external\jetbrains\jdk\hotspot\src\share\vm\prims\jni.cpp, line 1613]
Event: 10.269 Thread 0x000000001a516000 Exception <a 'java/lang/NoSuchMethodError': <clinit>> (0x00000000e572de48) thrown at [C:\src\android\AOSP-openjdk\external\jetbrains\jdk\hotspot\src\share\vm\prims\jni.cpp, line 1613]
Event: 10.275 Thread 0x000000001a516000 Exception <a 'java/lang/NoSuchMethodError': <clinit>> (0x00000000e5735f70) thrown at [C:\src\android\AOSP-openjdk\external\jetbrains\jdk\hotspot\src\share\vm\prims\jni.cpp, line 1613]
Event: 10.301 Thread 0x000000001aaf1800 Exception <a 'java/lang/NoSuchMethodError': <clinit>> (0x00000000e5848610) thrown at [C:\src\android\AOSP-openjdk\external\jetbrains\jdk\hotspot\src\share\vm\prims\jni.cpp, line 1613]
Event: 12.250 Thread 0x000000001f1a2800 Exception <a 'java/lang/NoSuchMethodError': <clinit>> (0x00000000e5a7ba08) thrown at [C:\src\android\AOSP-openjdk\external\jetbrains\jdk\hotspot\src\share\vm\prims\jni.cpp, line 1613]
Event: 12.253 Thread 0x000000001f1a2800 Exception <a 'java/lang/NoSuchMethodError': <clinit>> (0x00000000e5a94be8) thrown at [C:\src\android\AOSP-openjdk\external\jetbrains\jdk\hotspot\src\share\vm\prims\jni.cpp, line 1613]
Event: 12.402 Thread 0x000000001a8ad000 Exception <a 'java/lang/ClassNotFoundException': asLocalRepo3618_52f3obfah9hgd5o1eovsk22hjBeanInfo> (0x00000000e5ca91d8) thrown at [C:\src\android\AOSP-openjdk\external\jetbrains\jdk\hotspot\src\share\vm\classfile\systemDictionary.cpp, line 210]
Event: 12.403 Thread 0x000000001a8ad000 Exception <a 'java/lang/ClassNotFoundException': asLocalRepo3618_52f3obfah9hgd5o1eovsk22hjCustomizer> (0x00000000e5cb4808) thrown at [C:\src\android\AOSP-openjdk\external\jetbrains\jdk\hotspot\src\share\vm\classfile\systemDictionary.cpp, line 210]

Events (10 events):
Event: 12.447 loading class asLocalRepo3618_52f3obfah9hgd5o1eovsk22hj$_run_closure1$_closure3 done
Event: 12.448 loading class groovy/runtime/metaclass/asLocalRepo3618_52f3obfah9hgd5o1eovsk22hj$_run_closure1$_closure3MetaClass
Event: 12.448 loading class groovy/runtime/metaclass/asLocalRepo3618_52f3obfah9hgd5o1eovsk22hj$_run_closure1$_closure3MetaClass done
Event: 12.449 loading class asLocalRepo3618_52f3obfah9hgd5o1eovsk22hj$_run_closure1$_closure3$_closure6
Event: 12.450 loading class asLocalRepo3618_52f3obfah9hgd5o1eovsk22hj$_run_closure1$_closure3$_closure6 done
Event: 12.451 loading class groovy/runtime/metaclass/asLocalRepo3618_52f3obfah9hgd5o1eovsk22hj$_run_closure1$_closure3$_closure6MetaClass
Event: 12.451 loading class groovy/runtime/metaclass/asLocalRepo3618_52f3obfah9hgd5o1eovsk22hj$_run_closure1$_closure3$_closure6MetaClass done
Event: 12.582 Thread 0x000000001a8ad000 DEOPT PACKING pc=0x00000000035b882d sp=0x000000001ce9ab60
Event: 12.582 Thread 0x000000001a8ad000 DEOPT UNPACKING pc=0x0000000002b971bf sp=0x000000001ce9aaa8 mode 0
Event: 12.634 Executing VM operation: ParallelGCFailedAllocation


Dynamic libraries:
0x00007ff6b35a0000 - 0x00007ff6b35d1000 	C:\AndroidStudio\jre\bin\java.exe
0x00007ff9df340000 - 0x00007ff9df51b000 	C:\WINDOWS\SYSTEM32\ntdll.dll
0x00007ff9ddd00000 - 0x00007ff9dddae000 	C:\WINDOWS\System32\KERNEL32.DLL
0x00007ff9dc650000 - 0x00007ff9dc899000 	C:\WINDOWS\System32\KERNELBASE.dll
0x00007ff9ddb30000 - 0x00007ff9ddbd1000 	C:\WINDOWS\System32\ADVAPI32.dll
0x00007ff9dcc00000 - 0x00007ff9dcc9d000 	C:\WINDOWS\System32\msvcrt.dll
0x00007ff9dd090000 - 0x00007ff9dd0e9000 	C:\WINDOWS\System32\sechost.dll
0x00007ff9dcca0000 - 0x00007ff9dcdc5000 	C:\WINDOWS\System32\RPCRT4.dll
0x00007ff9df1f0000 - 0x00007ff9df33a000 	C:\WINDOWS\System32\USER32.dll
0x00007ff9dc470000 - 0x00007ff9dc48e000 	C:\WINDOWS\System32\win32u.dll
0x00007ff9dd3b0000 - 0x00007ff9dd3d7000 	C:\WINDOWS\System32\GDI32.dll
0x00007ff9dc230000 - 0x00007ff9dc3b8000 	C:\WINDOWS\System32\gdi32full.dll
0x00007ff9dc490000 - 0x00007ff9dc52a000 	C:\WINDOWS\System32\msvcp_win.dll
0x00007ff9dc130000 - 0x00007ff9dc226000 	C:\WINDOWS\System32\ucrtbase.dll
0x00007ff9ce6d0000 - 0x00007ff9ce937000 	C:\WINDOWS\WinSxS\amd64_microsoft.windows.common-controls_6595b64144ccf1df_6.0.15063.483_none_26002d27e7c744a2\COMCTL32.dll
0x00007ff9dc8a0000 - 0x00007ff9dcb99000 	C:\WINDOWS\System32\combase.dll
0x00007ff9dc530000 - 0x00007ff9dc59a000 	C:\WINDOWS\System32\bcryptPrimitives.dll
0x00007ff9dcbd0000 - 0x00007ff9dcbfd000 	C:\WINDOWS\System32\IMM32.DLL
0x0000000055270000 - 0x0000000055342000 	C:\AndroidStudio\jre\jre\bin\msvcr100.dll
0x0000000055430000 - 0x0000000055c6c000 	C:\AndroidStudio\jre\jre\bin\server\jvm.dll
0x00007ff9ddbe0000 - 0x00007ff9ddbe8000 	C:\WINDOWS\System32\PSAPI.DLL
0x00007ff9c4890000 - 0x00007ff9c4899000 	C:\WINDOWS\SYSTEM32\WSOCK32.dll
0x00007ff9d9d20000 - 0x00007ff9d9d43000 	C:\WINDOWS\SYSTEM32\WINMM.dll
0x00007ff9d5780000 - 0x00007ff9d578a000 	C:\WINDOWS\SYSTEM32\VERSION.dll
0x00007ff9dcdd0000 - 0x00007ff9dce3c000 	C:\WINDOWS\System32\WS2_32.dll
0x00007ff9d9c40000 - 0x00007ff9d9c6b000 	C:\WINDOWS\SYSTEM32\winmmbase.dll
0x00007ff9dc600000 - 0x00007ff9dc649000 	C:\WINDOWS\System32\cfgmgr32.dll
0x00007ff9d8f10000 - 0x00007ff9d8f1f000 	C:\AndroidStudio\jre\jre\bin\verify.dll
0x00007ff9d6ca0000 - 0x00007ff9d6cc9000 	C:\AndroidStudio\jre\jre\bin\java.dll
0x00007ff9d6700000 - 0x00007ff9d6716000 	C:\AndroidStudio\jre\jre\bin\zip.dll
0x00007ff9dddb0000 - 0x00007ff9df1e7000 	C:\WINDOWS\System32\SHELL32.dll
0x00007ff9ddbf0000 - 0x00007ff9ddc9a000 	C:\WINDOWS\System32\shcore.dll
0x00007ff9dba30000 - 0x00007ff9dc123000 	C:\WINDOWS\System32\windows.storage.dll
0x00007ff9ddca0000 - 0x00007ff9ddcf1000 	C:\WINDOWS\System32\shlwapi.dll
0x00007ff9db820000 - 0x00007ff9db831000 	C:\WINDOWS\System32\kernel.appcore.dll
0x00007ff9db7b0000 - 0x00007ff9db7fc000 	C:\WINDOWS\System32\powrprof.dll
0x00007ff9db800000 - 0x00007ff9db815000 	C:\WINDOWS\System32\profapi.dll
0x00007ff9d66e0000 - 0x00007ff9d66fa000 	C:\AndroidStudio\jre\jre\bin\net.dll
0x00007ff9db0c0000 - 0x00007ff9db11c000 	C:\WINDOWS\system32\mswsock.dll
0x00007ff9d6630000 - 0x00007ff9d6641000 	C:\AndroidStudio\jre\jre\bin\nio.dll
0x00007ff9d3be0000 - 0x00007ff9d3bfe000 	C:\Users\Malec\.gradle\native\23\windows-amd64\native-platform.dll
0x00007ff9db260000 - 0x00007ff9db277000 	C:\WINDOWS\SYSTEM32\CRYPTSP.dll
0x00007ff9dace0000 - 0x00007ff9dad14000 	C:\WINDOWS\system32\rsaenh.dll
0x00007ff9db370000 - 0x00007ff9db395000 	C:\WINDOWS\SYSTEM32\bcrypt.dll
0x00007ff9db6e0000 - 0x00007ff9db709000 	C:\WINDOWS\SYSTEM32\USERENV.dll
0x00007ff9db280000 - 0x00007ff9db28b000 	C:\WINDOWS\SYSTEM32\CRYPTBASE.dll
0x00007ff9dae60000 - 0x00007ff9dae97000 	C:\WINDOWS\SYSTEM32\IPHLPAPI.DLL
0x00007ff9dd3e0000 - 0x00007ff9dd3e8000 	C:\WINDOWS\System32\NSI.dll
0x00007ff9d5f00000 - 0x00007ff9d5f16000 	C:\WINDOWS\SYSTEM32\dhcpcsvc6.DLL
0x00007ff9d5e00000 - 0x00007ff9d5e1a000 	C:\WINDOWS\SYSTEM32\dhcpcsvc.DLL
0x00007ff9d8f00000 - 0x00007ff9d8f0d000 	C:\AndroidStudio\jre\jre\bin\management.dll
0x00007ff9cd6a0000 - 0x00007ff9cd849000 	C:\WINDOWS\SYSTEM32\dbghelp.dll

VM Arguments:
jvm_args: -Xmx1536m -Dfile.encoding=windows-1252 -Duser.country=US -Duser.language=en -Duser.variant 
java_command: org.gradle.launcher.daemon.bootstrap.GradleDaemon 3.3
java_class_path (initial): C:\Users\Malec\.gradle\wrapper\dists\gradle-3.3-all\55gk2rcmfc6p2dg9u9ohc3hw9\gradle-3.3\lib\gradle-launcher-3.3.jar
Launcher Type: SUN_STANDARD

Environment Variables:
JAVA_HOME=C:\Program Files\Java\jdk1.8.0_131
PATH=C:\ProgramData\Oracle\Java\javapath;C:\Windows\system32;C:\Windows;C:\Windows\System32\Wbem;C:\Windows\System32\WindowsPowerShell\v1.0\;C:\Program Files (x86)\NVIDIA Corporation\PhysX\Common;C:\Program Files\Microsoft SQL Server\130\Tools\Binn\;C:\WINDOWS\system32;C:\WINDOWS;C:\WINDOWS\System32\Wbem;C:\WINDOWS\System32\WindowsPowerShell\v1.0\;C:\Program Files\Java\jdk1.8.0_131\bin;F:\PascalABC.NET;C:\Program Files (x86)\Skype\Phone\
USERNAME=Malec
OS=Windows_NT
PROCESSOR_IDENTIFIER=AMD64 Family 21 Model 2 Stepping 0, AuthenticAMD



---------------  S Y S T E M  ---------------

OS: Windows 10.0 , 64 bit Build 15063 (10.0.15063.296)

CPU:total 8 (8 cores per cpu, 1 threads per core) family 21 model 2 stepping 0, cmov, cx8, fxsr, mmx, sse, sse2, sse3, ssse3, sse4.1, sse4.2, popcnt, avx, aes, clmul, mmxext, 3dnowpref, lzcnt, sse4a, tsc, tscinvbit, tscinv, bmi1

Memory: 4k page, physical 10451592k(6126876k free), swap 13073032k(7712608k free)

vm_info: OpenJDK 64-Bit Server VM (25.112-b06) for windows-amd64 JRE (1.8.0_112-release-b06), built on Dec  8 2016 00:54:26 by "builder" with MS VC++ 10.0 (VS2010)

time: Sun Aug 13 10:54:55 2017
elapsed time: 12 seconds (0d 0h 0m 12s)

