#
# A fatal error has been detected by the Java Runtime Environment:
#
#  EXCEPTION_ACCESS_VIOLATION (0xc0000005) at pc=0x000000006e90f615, pid=12132, tid=0x000000000000035c
#
# JRE version: OpenJDK Runtime Environment (8.0_112-b06) (build 1.8.0_112-release-b06)
# Java VM: OpenJDK 64-Bit Server VM (25.112-b06 mixed mode windows-amd64 compressed oops)
# Problematic frame:
# V  [jvm.dll+0xff615]
#
# Failed to write core dump. Minidumps are not enabled by default on client versions of Windows
#
# If you would like to submit a bug report, please visit:
#   http://bugreport.java.com/bugreport/crash.jsp
#

---------------  T H R E A D  ---------------

Current thread (0x000000001eabe000):  JavaThread "pool-133-thread-1" [_thread_in_vm, id=860, stack(0x000000003e840000,0x000000003e940000)]

siginfo: ExceptionCode=0xc0000005, reading address 0x0000000180751fd0

Registers:
RAX=0x00001b14d44a4548, RBX=0x000000001c8c3e00, RCX=0x0000000180751fc8, RDX=0x00000000e96c1c68
RSP=0x000000003e93e560, RBP=0x00000000000003d8, RSI=0x000000001e4ec5a0, RDI=0x000000001eabe000
R8 =0x0000000000000000, R9 =0x00000000e96cbc78, R10=0x0000000000000001, R11=0x00000000e96c1f30
R12=0x000000001e4ec5b0, R13=0x000000001e4ec988, R14=0x0000000000000148, R15=0x000000001eabe000
RIP=0x000000006e90f615, EFLAGS=0x0000000000010206

Top of Stack: (sp=0x000000003e93e560)
0x000000003e93e560:   0000000000000003 000000006e9df63d
0x000000003e93e570:   000000002490a538 0000000002825a90
0x000000003e93e580:   0000000000000000 000000006e87ad52
0x000000003e93e590:   000000003e93e820 000000006e9e012a
0x000000003e93e5a0:   00000000000002bb 00001b14d44a4548
0x000000003e93e5b0:   000000001c8c3e00 000000006ec23fdb
0x000000003e93e5c0:   0000000002825a90 000000006e9dfc42
0x000000003e93e5d0:   0000000000000000 000000006e9df63d
0x000000003e93e5e0:   00000000ecf82650 0000000000000000
0x000000003e93e5f0:   000000002472ac88 0000000002a15aea
0x000000003e93e600:   000000001eabe000 0000000100751fc8
0x000000003e93e610:   000000003e93e7f0 0000000000000001
0x000000003e93e620:   0000000002825a90 00760061006a004c
0x000000003e93e630:   40900c0000000000 4008000000000000
0x000000003e93e640:   0000000000000000 0000000000000000
0x000000003e93e650:   0000000000000000 0000000000000000 

Instructions: (pc=0x000000006e90f615)
0x000000006e90f5f5:   00 00 48 8b 00 c3 cc cc cc cc cc 40 53 48 83 ec
0x000000006e90f605:   50 48 8b 05 b3 b4 69 00 48 33 c4 48 89 44 24 48
0x000000006e90f615:   83 79 08 00 48 8b d9 0f 8e b9 00 00 00 0f b6 81
0x000000006e90f625:   fe 00 00 00 c0 e8 03 a8 01 0f 84 a7 00 00 00 48 


Register to memory mapping:

RAX=0x00001b14d44a4548 is an unknown value
RBX=0x000000001c8c3e00 is an unknown value
RCX=0x0000000180751fc8 is an unknown value
RDX=0x00000000e96c1c68 is an oop

[error occurred during error reporting (printing register info), id 0xc0000005]

Stack: [0x000000003e840000,0x000000003e940000],  sp=0x000000003e93e560,  free space=1017k
Native frames: (J=compiled Java code, j=interpreted, Vv=VM code, C=native code)
V  [jvm.dll+0xff615]
V  [jvm.dll+0x413fdb]
C  0x0000000002a15aea

Java frames: (J=compiled Java code, j=interpreted, Vv=VM code)
v  ~RuntimeStub::throw_class_cast_exception Runtime1 stub
J 15729 C1 com.android.dx.dex.code.form.Form35c.wordCount(Lcom/android/dx/rop/code/RegisterSpecList;)I (74 bytes) @ 0x0000000005374298 [0x00000000053737c0+0xad8]
J 15355 C1 com.android.dx.dex.code.form.Form35c.isCompatible(Lcom/android/dx/dex/code/DalvInsn;)Z (72 bytes) @ 0x0000000003ab2f1c [0x0000000003ab2d80+0x19c]
J 21520 C2 com.android.dx.dex.code.OutputFinisher.calculateReservedCount([Lcom/android/dx/dex/code/Dop;)I (122 bytes) @ 0x00000000064a40d4 [0x00000000064a3d60+0x374]
J 18055 C1 com.android.dx.dex.code.OutputFinisher.reserveRegisters([Lcom/android/dx/dex/code/Dop;)Z (119 bytes) @ 0x0000000005ba6cbc [0x0000000005ba6c20+0x9c]
J 18340 C1 com.android.dx.dex.code.OutputFinisher.finishProcessingAndGetList()Lcom/android/dx/dex/code/DalvInsnList; (74 bytes) @ 0x0000000005ccafac [0x0000000005ccaf20+0x8c]
J 15444 C1 com.android.dx.dex.code.DalvCode.finishProcessingIfNecessary()V (69 bytes) @ 0x0000000004a70664 [0x0000000004a705e0+0x84]
J 15671 C1 com.android.dx.dex.file.CodeItem.place0(Lcom/android/dx/dex/file/Section;I)V (88 bytes) @ 0x00000000053616d4 [0x0000000005361500+0x1d4]
J 15316 C1 com.android.dx.dex.file.OffsettedItem.place(Lcom/android/dx/dex/file/Section;I)I (78 bytes) @ 0x0000000004a46ec4 [0x0000000004a46e00+0xc4]
J 21548 C1 com.android.dx.dex.file.MixedItemSection.placeItems()V (185 bytes) @ 0x000000000649ba84 [0x000000000649b900+0x184]
j  com.android.dx.dex.file.DexFile.toDex0(ZZ)Lcom/android/dx/util/ByteArrayAnnotatedOutput;+195
j  com.android.dx.dex.file.DexFile.toDex(Ljava/io/Writer;Z)[B+13
j  com.android.dx.command.dexer.Main.writeDex(Lcom/android/dx/dex/file/DexFile;)[B+50
j  com.android.dx.command.dexer.Main.access$3100(Lcom/android/dx/command/dexer/Main;Lcom/android/dx/dex/file/DexFile;)[B+2
j  com.android.dx.command.dexer.Main$DexWriter.call()[B+8
j  com.android.dx.command.dexer.Main$DexWriter.call()Ljava/lang/Object;+1
J 7880 C1 java.util.concurrent.FutureTask.run()V (126 bytes) @ 0x00000000041d924c [0x00000000041d9000+0x24c]
J 20186 C1 java.util.concurrent.ThreadPoolExecutor.runWorker(Ljava/util/concurrent/ThreadPoolExecutor$Worker;)V (225 bytes) @ 0x0000000004a8a15c [0x0000000004a89120+0x103c]
J 20185 C1 java.util.concurrent.ThreadPoolExecutor$Worker.run()V (9 bytes) @ 0x0000000002c5a744 [0x0000000002c5a640+0x104]
J 18779 C1 java.lang.Thread.run()V (17 bytes) @ 0x0000000005669104 [0x0000000005668fc0+0x144]
v  ~StubRoutines::call_stub

---------------  P R O C E S S  ---------------

Java Threads: ( => current thread )
=>0x000000001eabe000 JavaThread "pool-133-thread-1" [_thread_in_vm, id=860, stack(0x000000003e840000,0x000000003e940000)]
  0x000000001c33e800 JavaThread "pool-129-thread-2" [_thread_blocked, id=12124, stack(0x000000003dc40000,0x000000003dd40000)]
  0x000000001c335800 JavaThread "pool-129-thread-1" [_thread_blocked, id=6572, stack(0x000000003db40000,0x000000003dc40000)]
  0x000000001c33b800 JavaThread "Cache update executor" [_thread_blocked, id=8896, stack(0x000000003d440000,0x000000003d540000)]
  0x000000001e922000 JavaThread "Stdin handler" [_thread_blocked, id=2436, stack(0x000000003d340000,0x000000003d440000)]
  0x000000001e924800 JavaThread "Asynchronous log dispatcher for DefaultDaemonConnection: socket connection from /127.0.0.1:49884 to /127.0.0.1:56182" [_thread_blocked, id=10468, stack(0x000000003d240000,0x000000003d340000)]
  0x000000001e921800 JavaThread "Daemon worker Thread 8" [_thread_blocked, id=2852, stack(0x000000003d140000,0x000000003d240000)]
  0x000000001e920000 JavaThread "Cancel handler" [_thread_blocked, id=9320, stack(0x000000003d040000,0x000000003d140000)]
  0x000000001e920800 JavaThread "Handler for socket connection from /127.0.0.1:49884 to /127.0.0.1:56182" [_thread_in_native, id=4192, stack(0x000000003cf40000,0x000000003d040000)]
  0x000000001e923000 JavaThread "Daemon Thread 8" [_thread_blocked, id=10136, stack(0x000000003ce40000,0x000000003cf40000)]
  0x000000001eabd800 JavaThread "pool-13-thread-4" [_thread_blocked, id=5788, stack(0x0000000029340000,0x0000000029440000)]
  0x000000001eac4000 JavaThread "pool-13-thread-3" [_thread_blocked, id=2008, stack(0x0000000029240000,0x0000000029340000)]
  0x000000001eabc800 JavaThread "pool-13-thread-2" [_thread_blocked, id=11160, stack(0x0000000029140000,0x0000000029240000)]
  0x000000001eac1000 JavaThread "pool-13-thread-1" [_thread_blocked, id=11124, stack(0x0000000029040000,0x0000000029140000)]
  0x000000001c58a000 JavaThread "File lock request listener" [_thread_in_native, id=9804, stack(0x000000001d290000,0x000000001d390000)]
  0x000000001a4fc800 JavaThread "pool-1-thread-1" [_thread_blocked, id=10012, stack(0x000000001bcc0000,0x000000001bdc0000)]
  0x000000001a5d8800 JavaThread "Incoming local TCP Connector on port 49884" [_thread_in_native, id=10628, stack(0x000000001b2e0000,0x000000001b3e0000)]
  0x000000001867a800 JavaThread "Service Thread" daemon [_thread_blocked, id=5344, stack(0x00000000191c0000,0x00000000192c0000)]
  0x0000000018652800 JavaThread "C1 CompilerThread3" daemon [_thread_blocked, id=13976, stack(0x00000000190c0000,0x00000000191c0000)]
  0x00000000185fd000 JavaThread "C2 CompilerThread2" daemon [_thread_in_native, id=14000, stack(0x0000000018fc0000,0x00000000190c0000)]
  0x00000000185f7800 JavaThread "C2 CompilerThread1" daemon [_thread_in_native, id=444, stack(0x0000000018ec0000,0x0000000018fc0000)]
  0x0000000018606000 JavaThread "C2 CompilerThread0" daemon [_thread_in_native, id=5632, stack(0x0000000018dc0000,0x0000000018ec0000)]
  0x0000000018604800 JavaThread "Attach Listener" daemon [_thread_blocked, id=11844, stack(0x0000000018cc0000,0x0000000018dc0000)]
  0x0000000018603800 JavaThread "Signal Dispatcher" daemon [_thread_blocked, id=2904, stack(0x0000000018bc0000,0x0000000018cc0000)]
  0x00000000185f0800 JavaThread "Finalizer" daemon [_thread_blocked, id=1612, stack(0x00000000189d0000,0x0000000018ad0000)]
  0x0000000002906800 JavaThread "Reference Handler" daemon [_thread_blocked, id=8128, stack(0x00000000184d0000,0x00000000185d0000)]
  0x0000000002810800 JavaThread "main" [_thread_blocked, id=10060, stack(0x0000000002690000,0x0000000002790000)]

Other Threads:
  0x00000000166c8000 VMThread [stack: 0x00000000183d0000,0x00000000184d0000] [id=12312]
  0x000000001867b800 WatcherThread [stack: 0x00000000192c0000,0x00000000193c0000] [id=1040]

VM state:not at safepoint (normal execution)

VM Mutex/Monitor currently owned by a thread: None

Heap:
 PSYoungGen      total 294400K, used 237256K [0x00000000e0000000, 0x00000000f5600000, 0x0000000100000000)
  eden space 271872K, 78% used [0x00000000e0000000,0x00000000ed1b89a0,0x00000000f0980000)
  from space 22528K, 99% used [0x00000000f4000000,0x00000000f55f9838,0x00000000f5600000)
  to   space 37888K, 0% used [0x00000000f0c00000,0x00000000f0c00000,0x00000000f3100000)
 ParOldGen       total 175616K, used 84704K [0x00000000a0000000, 0x00000000aab80000, 0x00000000e0000000)
  object space 175616K, 48% used [0x00000000a0000000,0x00000000a52b80f8,0x00000000aab80000)
 Metaspace       used 78632K, capacity 83444K, committed 83672K, reserved 1122304K
  class space    used 9895K, capacity 10657K, committed 10752K, reserved 1048576K

Card table byte_map: [0x0000000011cd0000,0x0000000011fe0000] byte_map_base: 0x00000000117d0000

Marking Bits: (ParMarkBitMap*) 0x000000006efd18f0
 Begin Bits: [0x00000000129e0000, 0x00000000141e0000)
 End Bits:   [0x00000000141e0000, 0x00000000159e0000)

Polling page: 0x0000000002620000

CodeCache: size=245760Kb used=61916Kb max_used=61934Kb free=183843Kb
 bounds [0x0000000002910000, 0x00000000065f0000, 0x0000000011910000]
 total_blobs=17717 nmethods=16920 adapters=709
 compilation: enabled

Compilation events (10 events):
Event: 3680.976 Thread 0x00000000185f7800 22005       4       com.android.dx.dex.code.RopTranslator$TranslationVisitor::visitThrowingCstInsn (225 bytes)
Event: 3680.976 Thread 0x0000000018652800 nmethod 22018 0x00000000065c3fd0 code [0x00000000065c41a0, 0x00000000065c49e8]
Event: 3680.976 Thread 0x0000000018652800 22017       3       com.android.dx.dex.file.TypeListItem::compareTo0 (19 bytes)
Event: 3680.976 Thread 0x0000000018652800 nmethod 22017 0x00000000065c3ad0 code [0x00000000065c3c40, 0x00000000065c3ec8]
Event: 3680.978 Thread 0x0000000018652800 22020       3       com.android.dx.dex.file.AnnotationSetItem::place0 (8 bytes)
Event: 3680.978 Thread 0x0000000018652800 nmethod 22020 0x00000000065ce550 code [0x00000000065ce6c0, 0x00000000065ce8a8]
Event: 3680.978 Thread 0x0000000018652800 22021       3       com.android.dx.dex.file.AnnotationItem::sortByTypeIdIndex (8 bytes)
Event: 3680.978 Thread 0x0000000018652800 nmethod 22021 0x00000000065ce1d0 code [0x00000000065ce340, 0x00000000065ce4a8]
Event: 3680.983 Thread 0x0000000018652800 22025       3       com.android.dx.dex.code.CatchTable::get (9 bytes)
Event: 3680.983 Thread 0x0000000018652800 nmethod 22025 0x00000000065cdcd0 code [0x00000000065cde40, 0x00000000065ce128]

GC Heap History (10 events):
Event: 3046.487 GC heap before
{Heap before GC invocations=29 (full 3):
 PSYoungGen      total 342528K, used 342416K [0x00000000e0000000, 0x00000000f7300000, 0x0000000100000000)
  eden space 323584K, 100% used [0x00000000e0000000,0x00000000f3c00000,0x00000000f3c00000)
  from space 18944K, 99% used [0x00000000f4780000,0x00000000f59e41c8,0x00000000f5a00000)
  to   space 25600K, 0% used [0x00000000f5a00000,0x00000000f5a00000,0x00000000f7300000)
 ParOldGen       total 175616K, used 62230K [0x00000000a0000000, 0x00000000aab80000, 0x00000000e0000000)
  object space 175616K, 35% used [0x00000000a0000000,0x00000000a3cc5a30,0x00000000aab80000)
 Metaspace       used 77633K, capacity 81950K, committed 82264K, reserved 1120256K
  class space    used 9825K, capacity 10546K, committed 10624K, reserved 1048576K
Event: 3046.510 GC heap after
Heap after GC invocations=29 (full 3):
 PSYoungGen      total 330752K, used 18112K [0x00000000e0000000, 0x00000000f6c00000, 0x0000000100000000)
  eden space 312320K, 0% used [0x00000000e0000000,0x00000000e0000000,0x00000000f3100000)
  from space 18432K, 98% used [0x00000000f5a00000,0x00000000f6bb0110,0x00000000f6c00000)
  to   space 27648K, 0% used [0x00000000f3600000,0x00000000f3600000,0x00000000f5100000)
 ParOldGen       total 175616K, used 62238K [0x00000000a0000000, 0x00000000aab80000, 0x00000000e0000000)
  object space 175616K, 35% used [0x00000000a0000000,0x00000000a3cc7a30,0x00000000aab80000)
 Metaspace       used 77633K, capacity 81950K, committed 82264K, reserved 1120256K
  class space    used 9825K, capacity 10546K, committed 10624K, reserved 1048576K
}
Event: 3050.140 GC heap before
{Heap before GC invocations=30 (full 3):
 PSYoungGen      total 330752K, used 330432K [0x00000000e0000000, 0x00000000f6c00000, 0x0000000100000000)
  eden space 312320K, 100% used [0x00000000e0000000,0x00000000f3100000,0x00000000f3100000)
  from space 18432K, 98% used [0x00000000f5a00000,0x00000000f6bb0110,0x00000000f6c00000)
  to   space 27648K, 0% used [0x00000000f3600000,0x00000000f3600000,0x00000000f5100000)
 ParOldGen       total 175616K, used 62238K [0x00000000a0000000, 0x00000000aab80000, 0x00000000e0000000)
  object space 175616K, 35% used [0x00000000a0000000,0x00000000a3cc7a30,0x00000000aab80000)
 Metaspace       used 77957K, capacity 82364K, committed 82520K, reserved 1122304K
  class space    used 9839K, capacity 10572K, committed 10624K, reserved 1048576K
Event: 3050.157 GC heap after
Heap after GC invocations=30 (full 3):
 PSYoungGen      total 320512K, used 18532K [0x00000000e0000000, 0x00000000f5b80000, 0x0000000100000000)
  eden space 301568K, 0% used [0x00000000e0000000,0x00000000e0000000,0x00000000f2680000)
  from space 18944K, 97% used [0x00000000f3600000,0x00000000f4819040,0x00000000f4880000)
  to   space 19456K, 0% used [0x00000000f4880000,0x00000000f4880000,0x00000000f5b80000)
 ParOldGen       total 175616K, used 62246K [0x00000000a0000000, 0x00000000aab80000, 0x00000000e0000000)
  object space 175616K, 35% used [0x00000000a0000000,0x00000000a3cc9a30,0x00000000aab80000)
 Metaspace       used 77957K, capacity 82364K, committed 82520K, reserved 1122304K
  class space    used 9839K, capacity 10572K, committed 10624K, reserved 1048576K
}
Event: 3424.553 GC heap before
{Heap before GC invocations=31 (full 3):
 PSYoungGen      total 320512K, used 320100K [0x00000000e0000000, 0x00000000f5b80000, 0x0000000100000000)
  eden space 301568K, 100% used [0x00000000e0000000,0x00000000f2680000,0x00000000f2680000)
  from space 18944K, 97% used [0x00000000f3600000,0x00000000f4819040,0x00000000f4880000)
  to   space 19456K, 0% used [0x00000000f4880000,0x00000000f4880000,0x00000000f5b80000)
 ParOldGen       total 175616K, used 62246K [0x00000000a0000000, 0x00000000aab80000, 0x00000000e0000000)
  object space 175616K, 35% used [0x00000000a0000000,0x00000000a3cc9a30,0x00000000aab80000)
 Metaspace       used 78190K, capacity 82836K, committed 83032K, reserved 1122304K
  class space    used 9870K, capacity 10616K, committed 10624K, reserved 1048576K
Event: 3424.595 GC heap after
Heap after GC invocations=31 (full 3):
 PSYoungGen      total 310784K, used 19436K [0x00000000e0000000, 0x00000000f5b80000, 0x0000000100000000)
  eden space 291328K, 0% used [0x00000000e0000000,0x00000000e0000000,0x00000000f1c80000)
  from space 19456K, 99% used [0x00000000f4880000,0x00000000f5b7b0e0,0x00000000f5b80000)
  to   space 28160K, 0% used [0x00000000f2480000,0x00000000f2480000,0x00000000f4000000)
 ParOldGen       total 175616K, used 65327K [0x00000000a0000000, 0x00000000aab80000, 0x00000000e0000000)
  object space 175616K, 37% used [0x00000000a0000000,0x00000000a3fcbf78,0x00000000aab80000)
 Metaspace       used 78190K, capacity 82836K, committed 83032K, reserved 1122304K
  class space    used 9870K, capacity 10616K, committed 10624K, reserved 1048576K
}
Event: 3427.809 GC heap before
{Heap before GC invocations=32 (full 3):
 PSYoungGen      total 310784K, used 310764K [0x00000000e0000000, 0x00000000f5b80000, 0x0000000100000000)
  eden space 291328K, 100% used [0x00000000e0000000,0x00000000f1c80000,0x00000000f1c80000)
  from space 19456K, 99% used [0x00000000f4880000,0x00000000f5b7b0e0,0x00000000f5b80000)
  to   space 28160K, 0% used [0x00000000f2480000,0x00000000f2480000,0x00000000f4000000)
 ParOldGen       total 175616K, used 65327K [0x00000000a0000000, 0x00000000aab80000, 0x00000000e0000000)
  object space 175616K, 37% used [0x00000000a0000000,0x00000000a3fcbf78,0x00000000aab80000)
 Metaspace       used 78379K, capacity 83170K, committed 83416K, reserved 1122304K
  class space    used 9882K, capacity 10640K, committed 10752K, reserved 1048576K
Event: 3427.848 GC heap after
Heap after GC invocations=32 (full 3):
 PSYoungGen      total 309760K, used 28130K [0x00000000e0000000, 0x00000000f5600000, 0x0000000100000000)
  eden space 281600K, 0% used [0x00000000e0000000,0x00000000e0000000,0x00000000f1300000)
  from space 28160K, 99% used [0x00000000f2480000,0x00000000f3ff8b30,0x00000000f4000000)
  to   space 22528K, 0% used [0x00000000f4000000,0x00000000f4000000,0x00000000f5600000)
 ParOldGen       total 175616K, used 74165K [0x00000000a0000000, 0x00000000aab80000, 0x00000000e0000000)
  object space 175616K, 42% used [0x00000000a0000000,0x00000000a486d418,0x00000000aab80000)
 Metaspace       used 78379K, capacity 83170K, committed 83416K, reserved 1122304K
  class space    used 9882K, capacity 10640K, committed 10752K, reserved 1048576K
}
Event: 3679.240 GC heap before
{Heap before GC invocations=33 (full 3):
 PSYoungGen      total 309760K, used 309730K [0x00000000e0000000, 0x00000000f5600000, 0x0000000100000000)
  eden space 281600K, 100% used [0x00000000e0000000,0x00000000f1300000,0x00000000f1300000)
  from space 28160K, 99% used [0x00000000f2480000,0x00000000f3ff8b30,0x00000000f4000000)
  to   space 22528K, 0% used [0x00000000f4000000,0x00000000f4000000,0x00000000f5600000)
 ParOldGen       total 175616K, used 74165K [0x00000000a0000000, 0x00000000aab80000, 0x00000000e0000000)
  object space 175616K, 42% used [0x00000000a0000000,0x00000000a486d418,0x00000000aab80000)
 Metaspace       used 78541K, capacity 83332K, committed 83672K, reserved 1122304K
  class space    used 9891K, capacity 10649K, committed 10752K, reserved 1048576K
Event: 3679.269 GC heap after
Heap after GC invocations=33 (full 3):
 PSYoungGen      total 294400K, used 22502K [0x00000000e0000000, 0x00000000f5600000, 0x0000000100000000)
  eden space 271872K, 0% used [0x00000000e0000000,0x00000000e0000000,0x00000000f0980000)
  from space 22528K, 99% used [0x00000000f4000000,0x00000000f55f9838,0x00000000f5600000)
  to   space 37888K, 0% used [0x00000000f0c00000,0x00000000f0c00000,0x00000000f3100000)
 ParOldGen       total 175616K, used 84704K [0x00000000a0000000, 0x00000000aab80000, 0x00000000e0000000)
  object space 175616K, 48% used [0x00000000a0000000,0x00000000a52b80f8,0x00000000aab80000)
 Metaspace       used 78541K, capacity 83332K, committed 83672K, reserved 1122304K
  class space    used 9891K, capacity 10649K, committed 10752K, reserved 1048576K
}

Deoptimization events (10 events):
Event: 3427.903 Thread 0x000000001eabb000 Uncommon trap: reason=bimorphic action=maybe_recompile pc=0x0000000003e46b10 method=java.util.concurrent.locks.AbstractQueuedSynchronizer.acquireQueued(Ljava/util/concurrent/locks/AbstractQueuedSynchronizer$Node;I)Z @ 22
Event: 3428.195 Thread 0x000000001c334800 Uncommon trap: reason=null_check action=make_not_entrant pc=0x0000000005cf1fe0 method=com.sun.org.apache.xpath.internal.patterns.NodeTest.subPartMatchNS(Ljava/lang/String;Ljava/lang/String;)Z @ 25
Event: 3677.608 Thread 0x000000001e921800 Uncommon trap: reason=null_check action=make_not_entrant pc=0x000000000568a284 method=com.sun.org.apache.xerces.internal.dom.NamedNodeMapImpl.findNamePoint(Ljava/lang/String;Ljava/lang/String;)I @ 76
Event: 3677.608 Thread 0x000000001e921800 Uncommon trap: reason=null_check action=make_not_entrant pc=0x000000000560927c method=com.sun.org.apache.xerces.internal.dom.NamedNodeMapImpl.findNamePoint(Ljava/lang/String;Ljava/lang/String;)I @ 76
Event: 3677.608 Thread 0x000000001e921800 Uncommon trap: reason=null_check action=make_not_entrant pc=0x00000000056050a0 method=com.sun.org.apache.xerces.internal.dom.NamedNodeMapImpl.findNamePoint(Ljava/lang/String;Ljava/lang/String;)I @ 76
Event: 3677.609 Thread 0x000000001e921800 Uncommon trap: reason=predicate action=maybe_recompile pc=0x0000000004936590 method=com.android.ide.common.res2.DataFile.addItems(Ljava/lang/Iterable;)V @ 16
Event: 3677.627 Thread 0x000000001e921800 Uncommon trap: reason=class_check action=maybe_recompile pc=0x0000000004eb50f0 method=com.android.ide.common.res2.NodeUtils.processSingleNodeNamespace(Lorg/w3c/dom/Node;Lorg/w3c/dom/Document;)Z @ 100
Event: 3680.853 Thread 0x000000001c33d000 Uncommon trap: reason=class_check action=maybe_recompile pc=0x0000000005c533f0 method=com.android.dx.ssa.SCCP.setLatticeValueTo(IILcom/android/dx/rop/cst/Constant;)Z @ 43
Event: 3680.983 Thread 0x000000001eabe000 Uncommon trap: reason=null_check action=make_not_entrant pc=0x00000000065de3fc method=com.android.dx.dex.code.LocalList$MakeState.finish()Lcom/android/dx/dex/code/LocalList; @ 81
Event: 3680.986 Thread 0x000000001eabe000 Uncommon trap: reason=null_check action=make_not_entrant pc=0x00000000064bab1c method=com.android.dx.dex.code.LocalList$MakeState.finish()Lcom/android/dx/dex/code/LocalList; @ 81

Internal exceptions (10 events):
Event: 3423.958 Thread 0x000000001c334800 Exception <a 'java/lang/ClassNotFoundException': asLocalRepo443_9ahev954dh759tsj82w1g0hylCustomizer> (0x00000000edab88e0) thrown at [C:\src\android\AOSP-openjdk\external\jetbrains\jdk\hotspot\src\share\vm\classfile\systemDictionary.cpp, line 210]
Event: 3428.195 Thread 0x000000001c334800 Implicit null exception at 0x0000000005cf112d to 0x0000000005cf1fb5
Event: 3428.467 Thread 0x000000001c334800 Exception <a 'sun/nio/fs/WindowsException'> (0x00000000e960e610) thrown at [C:\src\android\AOSP-openjdk\external\jetbrains\jdk\hotspot\src\share\vm\prims\jni.cpp, line 709]
Event: 3677.058 Thread 0x000000001e921800 Exception <a 'java/lang/ClassNotFoundException': asLocalRepo1009_21a78g9jder7pzi55dy51fkf4BeanInfo> (0x00000000e9e4d1d8) thrown at [C:\src\android\AOSP-openjdk\external\jetbrains\jdk\hotspot\src\share\vm\classfile\systemDictionary.cpp, line 210]
Event: 3677.059 Thread 0x000000001e921800 Exception <a 'java/lang/ClassNotFoundException': asLocalRepo1009_21a78g9jder7pzi55dy51fkf4Customizer> (0x00000000e9e58808) thrown at [C:\src\android\AOSP-openjdk\external\jetbrains\jdk\hotspot\src\share\vm\classfile\systemDictionary.cpp, line 210]
Event: 3677.608 Thread 0x000000001e921800 Implicit null exception at 0x0000000005685dbe to 0x000000000568a24d
Event: 3677.608 Thread 0x000000001e921800 Implicit null exception at 0x0000000005608c75 to 0x000000000560926d
Event: 3677.608 Thread 0x000000001e921800 Implicit null exception at 0x0000000005604be4 to 0x0000000005605091
Event: 3680.983 Thread 0x000000001eabe000 Implicit null exception at 0x00000000065dc108 to 0x00000000065de3f1
Event: 3680.986 Thread 0x000000001eabe000 Implicit null exception at 0x00000000064b8a38 to 0x00000000064bab11

Events (10 events):
Event: 3680.983 Thread 0x000000001eabe000 Uncommon trap: trap_request=0xfffffff4 fr.pc=0x00000000065de3fc
Event: 3680.983 Thread 0x000000001eabe000 DEOPT PACKING pc=0x00000000065de3fc sp=0x000000003e93e850
Event: 3680.983 Thread 0x000000001eabe000 DEOPT UNPACKING pc=0x000000000295556a sp=0x000000003e93e7b0 mode 2
Event: 3680.986 Thread 0x000000001eabe000 Uncommon trap: trap_request=0xfffffff4 fr.pc=0x00000000064bab1c
Event: 3680.986 Thread 0x000000001eabe000 DEOPT PACKING pc=0x00000000064bab1c sp=0x000000003e93e850
Event: 3680.986 Thread 0x000000001eabe000 DEOPT UNPACKING pc=0x000000000295556a sp=0x000000003e93e7b0 mode 2
Event: 3680.987 Thread 0x000000001eabe000 DEOPT PACKING pc=0x0000000003c30833 sp=0x000000003e93e950
Event: 3680.987 Thread 0x000000001eabe000 DEOPT UNPACKING pc=0x00000000029571bf sp=0x000000003e93e6c8 mode 0
Event: 3680.987 Thread 0x000000001eabe000 DEOPT PACKING pc=0x000000000535d8ab sp=0x000000003e93e7e0
Event: 3680.987 Thread 0x000000001eabe000 DEOPT UNPACKING pc=0x00000000029571bf sp=0x000000003e93e560 mode 0


Dynamic libraries:
0x00007ff71b080000 - 0x00007ff71b0b1000 	C:\AndroidStudio\jre\bin\java.exe
0x00007ff8c0be0000 - 0x00007ff8c0dbb000 	C:\WINDOWS\SYSTEM32\ntdll.dll
0x00007ff8c0920000 - 0x00007ff8c09ce000 	C:\WINDOWS\System32\KERNEL32.DLL
0x00007ff8bd580000 - 0x00007ff8bd7c9000 	C:\WINDOWS\System32\KERNELBASE.dll
0x00007ff8c01e0000 - 0x00007ff8c0281000 	C:\WINDOWS\System32\ADVAPI32.dll
0x00007ff8c0310000 - 0x00007ff8c03ad000 	C:\WINDOWS\System32\msvcrt.dll
0x00007ff8bf730000 - 0x00007ff8bf789000 	C:\WINDOWS\System32\sechost.dll
0x00007ff8c07f0000 - 0x00007ff8c0915000 	C:\WINDOWS\System32\RPCRT4.dll
0x00007ff8bf8e0000 - 0x00007ff8bfa2a000 	C:\WINDOWS\System32\USER32.dll
0x00007ff8bd100000 - 0x00007ff8bd11e000 	C:\WINDOWS\System32\win32u.dll
0x00007ff8c0760000 - 0x00007ff8c0787000 	C:\WINDOWS\System32\GDI32.dll
0x00007ff8bd220000 - 0x00007ff8bd3a8000 	C:\WINDOWS\System32\gdi32full.dll
0x00007ff8bd9a0000 - 0x00007ff8bda3a000 	C:\WINDOWS\System32\msvcp_win.dll
0x00007ff8bd120000 - 0x00007ff8bd216000 	C:\WINDOWS\System32\ucrtbase.dll
0x00007ff8ae090000 - 0x00007ff8ae2f7000 	C:\WINDOWS\WinSxS\amd64_microsoft.windows.common-controls_6595b64144ccf1df_6.0.15063.483_none_26002d27e7c744a2\COMCTL32.dll
0x00007ff8c03b0000 - 0x00007ff8c06a9000 	C:\WINDOWS\System32\combase.dll
0x00007ff8bd510000 - 0x00007ff8bd57a000 	C:\WINDOWS\System32\bcryptPrimitives.dll
0x00007ff8bfef0000 - 0x00007ff8bff1d000 	C:\WINDOWS\System32\IMM32.DLL
0x000000006e650000 - 0x000000006e722000 	C:\AndroidStudio\jre\jre\bin\msvcr100.dll
0x000000006e810000 - 0x000000006f04c000 	C:\AndroidStudio\jre\jre\bin\server\jvm.dll
0x00007ff8c0290000 - 0x00007ff8c0298000 	C:\WINDOWS\System32\PSAPI.DLL
0x00007ff8b6680000 - 0x00007ff8b6689000 	C:\WINDOWS\SYSTEM32\WSOCK32.dll
0x00007ff8c02a0000 - 0x00007ff8c030c000 	C:\WINDOWS\System32\WS2_32.dll
0x00007ff8bb430000 - 0x00007ff8bb453000 	C:\WINDOWS\SYSTEM32\WINMM.dll
0x00007ff8b7320000 - 0x00007ff8b732a000 	C:\WINDOWS\SYSTEM32\VERSION.dll
0x00007ff8bb3d0000 - 0x00007ff8bb3fb000 	C:\WINDOWS\SYSTEM32\WINMMBASE.dll
0x00007ff8bd4c0000 - 0x00007ff8bd509000 	C:\WINDOWS\System32\cfgmgr32.dll
0x00007ff8b6670000 - 0x00007ff8b667f000 	C:\AndroidStudio\jre\jre\bin\verify.dll
0x00007ff8b5f60000 - 0x00007ff8b5f89000 	C:\AndroidStudio\jre\jre\bin\java.dll
0x00007ff8b5590000 - 0x00007ff8b55a6000 	C:\AndroidStudio\jre\jre\bin\zip.dll
0x00007ff8be2e0000 - 0x00007ff8bf717000 	C:\WINDOWS\System32\SHELL32.dll
0x00007ff8c06b0000 - 0x00007ff8c075a000 	C:\WINDOWS\System32\shcore.dll
0x00007ff8bda40000 - 0x00007ff8be133000 	C:\WINDOWS\System32\windows.storage.dll
0x00007ff8c0a70000 - 0x00007ff8c0ac1000 	C:\WINDOWS\System32\shlwapi.dll
0x00007ff8bd0e0000 - 0x00007ff8bd0f1000 	C:\WINDOWS\System32\kernel.appcore.dll
0x00007ff8bd070000 - 0x00007ff8bd0bc000 	C:\WINDOWS\System32\powrprof.dll
0x00007ff8bd050000 - 0x00007ff8bd065000 	C:\WINDOWS\System32\profapi.dll
0x00007ff8ac8c0000 - 0x00007ff8ac8da000 	C:\AndroidStudio\jre\jre\bin\net.dll
0x00007ff8bc960000 - 0x00007ff8bc9bc000 	C:\WINDOWS\system32\mswsock.dll
0x00007ff8a9c90000 - 0x00007ff8a9ca1000 	C:\AndroidStudio\jre\jre\bin\nio.dll
0x00007ff8aa200000 - 0x00007ff8aa21e000 	C:\Users\Malec\.gradle\native\23\windows-amd64\native-platform.dll
0x00007ff8bcb00000 - 0x00007ff8bcb17000 	C:\WINDOWS\SYSTEM32\CRYPTSP.dll
0x00007ff8bc580000 - 0x00007ff8bc5b4000 	C:\WINDOWS\system32\rsaenh.dll
0x00007ff8bcc10000 - 0x00007ff8bcc35000 	C:\WINDOWS\SYSTEM32\bcrypt.dll
0x00007ff8bcf80000 - 0x00007ff8bcfa9000 	C:\WINDOWS\SYSTEM32\USERENV.dll
0x00007ff8bcb20000 - 0x00007ff8bcb2b000 	C:\WINDOWS\SYSTEM32\CRYPTBASE.dll
0x00007ff8bc700000 - 0x00007ff8bc737000 	C:\WINDOWS\SYSTEM32\IPHLPAPI.DLL
0x00007ff8c01d0000 - 0x00007ff8c01d8000 	C:\WINDOWS\System32\NSI.dll
0x00007ff8b76b0000 - 0x00007ff8b76c6000 	C:\WINDOWS\SYSTEM32\dhcpcsvc6.DLL
0x00007ff8b7570000 - 0x00007ff8b758a000 	C:\WINDOWS\SYSTEM32\dhcpcsvc.DLL
0x00007ff8b8780000 - 0x00007ff8b878d000 	C:\AndroidStudio\jre\jre\bin\management.dll
0x00007ff8bc3b0000 - 0x00007ff8bc3e1000 	C:\WINDOWS\SYSTEM32\ntmarta.dll
0x00007ff8adee0000 - 0x00007ff8adf04000 	C:\AndroidStudio\jre\jre\bin\sunec.dll
0x00007ff8acd30000 - 0x00007ff8acd3b000 	C:\AndroidStudio\jre\jre\bin\sunmscapi.dll
0x00007ff8bd7d0000 - 0x00007ff8bd999000 	C:\WINDOWS\System32\CRYPT32.dll
0x00007ff8bd0c0000 - 0x00007ff8bd0d1000 	C:\WINDOWS\System32\MSASN1.dll
0x00007ff8afcf0000 - 0x00007ff8afe99000 	C:\WINDOWS\SYSTEM32\dbghelp.dll

VM Arguments:
jvm_args: -Xmx1536m -Dfile.encoding=windows-1252 -Duser.country=US -Duser.language=en -Duser.variant 
java_command: org.gradle.launcher.daemon.bootstrap.GradleDaemon 3.3
java_class_path (initial): C:\Users\Malec\.gradle\wrapper\dists\gradle-3.3-all\55gk2rcmfc6p2dg9u9ohc3hw9\gradle-3.3\lib\gradle-launcher-3.3.jar
Launcher Type: SUN_STANDARD

Environment Variables:
JAVA_HOME=C:\Program Files\Java\jdk1.8.0_131
PATH=C:\ProgramData\Oracle\Java\javapath;C:\Windows\system32;C:\Windows;C:\Windows\System32\Wbem;C:\Windows\System32\WindowsPowerShell\v1.0\;C:\Program Files (x86)\NVIDIA Corporation\PhysX\Common;C:\Program Files\Microsoft SQL Server\130\Tools\Binn\;C:\WINDOWS\system32;C:\WINDOWS;C:\WINDOWS\System32\Wbem;C:\WINDOWS\System32\WindowsPowerShell\v1.0\;C:\Program Files\Java\jdk1.8.0_131\bin;F:\PascalABC.NET;C:\Program Files (x86)\Skype\Phone\
USERNAME=Malec
OS=Windows_NT
PROCESSOR_IDENTIFIER=AMD64 Family 21 Model 2 Stepping 0, AuthenticAMD



---------------  S Y S T E M  ---------------

OS: Windows 10.0 , 64 bit Build 15063 (10.0.15063.296)

CPU:total 8 (8 cores per cpu, 1 threads per core) family 21 model 2 stepping 0, cmov, cx8, fxsr, mmx, sse, sse2, sse3, ssse3, sse4.1, sse4.2, popcnt, avx, aes, clmul, mmxext, 3dnowpref, lzcnt, sse4a, tsc, tscinvbit, tscinv, bmi1

Memory: 4k page, physical 10451592k(5095572k free), swap 13073032k(5637156k free)

vm_info: OpenJDK 64-Bit Server VM (25.112-b06) for windows-amd64 JRE (1.8.0_112-release-b06), built on Dec  8 2016 00:54:26 by "builder" with MS VC++ 10.0 (VS2010)

time: Tue Aug 22 11:24:46 2017
elapsed time: 3681 seconds (0d 1h 1m 21s)

